<?xml version='1.0' encoding='UTF-8'?>
<testsuite hostname="DESKTOP-I468C6S" name="poker.PotManagerSpec" tests="4" errors="0" failures="0" skipped="0" time="0.065" timestamp="2025-09-19T23:51:44">
          <properties>
      <property name="java.specification.version" value="17"/><property name="sun.cpu.isalist" value="amd64"/><property name="sun.jnu.encoding" value="Cp1252"/><property name="sun.arch.data.model" value="64"/><property name="java.vendor.url" value="https://java.oracle.com/"/><property name="sun.boot.library.path" value="C:\Program Files\Java\jdk-17\bin"/><property name="sun.java.command" value="xsbt.boot.Boot test"/><property name="jdk.debug" value="release"/><property name="java.specification.vendor" value="Oracle Corporation"/><property name="java.version.date" value="2024-01-16"/><property name="java.home" value="C:\Program Files\Java\jdk-17"/><property name="file.separator" value="\"/><property name="java.vm.compressedOopsMode" value="32-bit"/><property name="line.separator" value="
"/><property name="java.vm.specification.vendor" value="Oracle Corporation"/><property name="java.specification.name" value="Java Platform API Specification"/><property name="user.script" value=""/><property name="sun.management.compiler" value="HotSpot 64-Bit Tiered Compilers"/><property name="java.runtime.version" value="17.0.10+11-LTS-240"/><property name="user.name" value="cyril"/><property name="log4j.ignoreTCL" value="true"/><property name="file.encoding" value="UTF-8"/><property name="jnidispatch.path" value="C:\Users\cyril\AppData\Local\Temp\jna-95146207\jna4775910203655461086.dll"/><property name="jna.loaded" value="true"/><property name="java.io.tmpdir" value="C:\Users\cyril\AppData\Local\Temp\"/><property name="java.version" value="17.0.10"/><property name="java.vm.specification.name" value="Java Virtual Machine Specification"/><property name="sun.os.patch.level" value=""/><property name="native.encoding" value="Cp1252"/><property name="java.library.path" value="C:\Program Files\Java\jdk-17\bin;C:\WINDOWS\Sun\Java\bin;C:\WINDOWS\system32;C:\WINDOWS;C:\Program Files\WindowsApps\Microsoft.PowerShell_7.5.3.0_x64__8wekyb3d8bbwe;C:\Users\cyril\AppData\Local\Temp\.tmpCHwrWB;C:\Python313\Scripts\;C:\Python313\;C:\Python310\Scripts\;C:\Python310\;C:\Program Files\Common Files\Oracle\Java\javapath;C:\Windows\system32;C:\Windows;C:\Windows\System32\Wbem;C:\Windows\System32\WindowsPowerShell\v1.0\;C:\Windows\System32\OpenSSH\;C:\Program Files (x86)\NVIDIA Corporation\PhysX\Common;C:\Program Files\NVIDIA Corporation\NVIDIA NvDLISR;C:\Program Files\dotnet\;C:\ProgramData\chocolatey\bin;C:\WINDOWS\system32;C:\WINDOWS;C:\WINDOWS\System32\Wbem;C:\WINDOWS\System32\WindowsPowerShell\v1.0\;C:\WINDOWS\System32\OpenSSH\;D:\Program\Cmake\bin;C:\Program Files\Docker\Docker\resources\bin;D:\Grapics\winlibs-x86_64-posix-seh-gcc-12.2.0-llvm-16.0.0-mingw-w64msvcrt-10.0.0-r5\mingw64\bin;D:\Program\Git\cmd;C:\Program Files (x86)\Windows Kits\10\Windows Performance Toolkit\;D:\Program\Node\;C:\Users\cyril\AppData\Local\Programs\Python\Python39\Scripts\;C:\Users\cyril\AppData\Local\Programs\Python\Python39\;C:\Users\cyril\.cargo\bin;C:\Users\cyril\AppData\Local\Microsoft\WindowsApps;D:\Program\intelji\InteliJIDEA2023\IntelliJ IDEA Community Edition 2023.3.2\bin;;D:\Program\Microsoft VS Code\bin;D:\Program\Git\bin;D:\Cygwin64\bin;C:\Users\cyril\AppData\Local\Programs\oh-my-posh\bin;D:\SQLite;C:\Users\cyril\AppData\Local\Coursier\data\bin;C:\Users\cyril\AppData\Local\Microsoft\WindowsApps;C:\Users\cyril\AppData\Local\Programs\Swift\Runtimes\6.0.2\usr\bin\;C:\Users\cyril\AppData\Local\Programs\Swift\Toolchains\6.0.2+Asserts\usr\bin\;C:\Users\cyril\AppData\Local\Programs\Swift\Tools\6.0.2\;D:\ide\IntelliJ IDEA Community Edition 2024.3.3\bin;;C:\Users\cyril\AppData\Roaming\npm;c:\Users\cyril\.vscode\extensions\openai.chatgpt-0.4.12-win32-x64\bin\windows-x86_64;."/><property name="java.vendor" value="Oracle Corporation"/><property name="scala.ext.dirs" value="C:\Users\cyril\.sbt\1.0\java9-rt-ext-oracle_corporation_17_0_10"/><property name="sun.io.unicode.encoding" value="UnicodeLittle"/><property name="java.class.path" value="C:\Users\cyril\AppData\Local\Coursier\cache\arc\https\github.com\sbt\sbt\releases\download\v1.9.8\sbt-1.9.8.zip\sbt\bin\sbt-launch.jar"/><property name="java.vm.vendor" value="Oracle Corporation"/><property name="user.variant" value=""/><property name="jline.shutdownhook" value="false"/><property name="user.timezone" value="Europe/Paris"/><property name="java.vm.specification.version" value="17"/><property name="os.name" value="Windows 11"/><property name="sun.java.launcher" value="SUN_STANDARD"/><property name="user.country" value="FR"/><property name="sun.cpu.endian" value="little"/><property name="user.home" value="C:\Users\cyril"/><property name="user.language" value="fr"/><property name="sbt.ipcsocket.tmpdir" value="C:\Users\cyril\AppData\Local\Temp\.sbtc590684b\ipcsocket"/><property name="swoval.tmpdir" value="C:\Users\cyril\AppData\Local\Temp\.sbtc590684b\swoval"/><property name="jline.esc.timeout" value="0"/><property name="path.separator" value=";"/><property name="os.version" value="10.0"/><property name="jna.nosys" value="true"/><property name="java.runtime.name" value="Java(TM) SE Runtime Environment"/><property name="java.vm.name" value="Java HotSpot(TM) 64-Bit Server VM"/><property name="java.vendor.url.bug" value="https://bugreport.java.com/bugreport/"/><property name="user.dir" value="D:\JeuIA\PokerScala"/><property name="os.arch" value="amd64"/><property name="java.vm.info" value="mixed mode, sharing"/><property name="java.vm.version" value="17.0.10+11-LTS-240"/><property name="java.class.version" value="61.0"/>
    </properties>
          <testcase classname="poker.PotManagerSpec" name="buildPotState computes side pots correctly" time="0.033">
                      
                    </testcase><testcase classname="poker.PotManagerSpec" name="resolveShowdown distributes side pots to winners" time="0.02">
                      
                    </testcase><testcase classname="poker.PotManagerSpec" name="folded chips stay in the pot" time="0.008">
                      
                    </testcase><testcase classname="poker.PotManagerSpec" name="odd chips go to the first eligible winner in seat order" time="0.004">
                      
                    </testcase>
          <system-out><![CDATA[]]></system-out>
          <system-err><![CDATA[]]></system-err>
        </testsuite>